2019-01-11 00:01:54.8778|11|WARN|Microsoft.AspNetCore.Cors.Infrastructure.CorsService|The CORS protocol does not allow specifying a wildcard (any) origin and credentials at the same time. Configure the policy by listing individual origins if credentials needs to be supported. |url: https://localhost/api/auth/login|action: 
2019-01-11 00:06:01.9899|11|WARN|Microsoft.AspNetCore.Cors.Infrastructure.CorsService|The CORS protocol does not allow specifying a wildcard (any) origin and credentials at the same time. Configure the policy by listing individual origins if credentials needs to be supported. |url: https://localhost/api/auth/login|action: 
2019-01-11 00:06:23.6870|11|WARN|Microsoft.AspNetCore.Cors.Infrastructure.CorsService|The CORS protocol does not allow specifying a wildcard (any) origin and credentials at the same time. Configure the policy by listing individual origins if credentials needs to be supported. |url: https://localhost/api/auth/login|action: 
2019-01-11 00:06:23.7060|11|WARN|Microsoft.AspNetCore.Cors.Infrastructure.CorsService|The CORS protocol does not allow specifying a wildcard (any) origin and credentials at the same time. Configure the policy by listing individual origins if credentials needs to be supported. |url: https://localhost/api/auth/login|action: 
2019-01-11 00:10:27.5372|11|WARN|Microsoft.AspNetCore.Cors.Infrastructure.CorsService|The CORS protocol does not allow specifying a wildcard (any) origin and credentials at the same time. Configure the policy by listing individual origins if credentials needs to be supported. |url: https://localhost/api/values|action: 
2019-01-11 00:10:27.5514|11|WARN|Microsoft.AspNetCore.Cors.Infrastructure.CorsService|The CORS protocol does not allow specifying a wildcard (any) origin and credentials at the same time. Configure the policy by listing individual origins if credentials needs to be supported. |url: https://localhost/api/values|action: 
2019-01-11 00:11:04.0853|11|WARN|Microsoft.AspNetCore.Cors.Infrastructure.CorsService|The CORS protocol does not allow specifying a wildcard (any) origin and credentials at the same time. Configure the policy by listing individual origins if credentials needs to be supported. |url: https://localhost/api/values|action: 
2019-01-11 00:11:10.5700|11|WARN|Microsoft.AspNetCore.Cors.Infrastructure.CorsService|The CORS protocol does not allow specifying a wildcard (any) origin and credentials at the same time. Configure the policy by listing individual origins if credentials needs to be supported. |url: https://localhost/api/values|action: 
2019-01-11 00:11:27.4033|11|WARN|Microsoft.AspNetCore.Cors.Infrastructure.CorsService|The CORS protocol does not allow specifying a wildcard (any) origin and credentials at the same time. Configure the policy by listing individual origins if credentials needs to be supported. |url: https://localhost/api/values|action: 
2019-01-11 00:11:42.9845|11|WARN|Microsoft.AspNetCore.Cors.Infrastructure.CorsService|The CORS protocol does not allow specifying a wildcard (any) origin and credentials at the same time. Configure the policy by listing individual origins if credentials needs to be supported. |url: https://localhost/api/values|action: 
2019-01-11 00:25:24.1703||DEBUG|TrelloClone.Program|init main |url: |action: 
2019-01-11 00:26:12.2003|11|WARN|Microsoft.AspNetCore.Cors.Infrastructure.CorsService|The CORS protocol does not allow specifying a wildcard (any) origin and credentials at the same time. Configure the policy by listing individual origins if credentials needs to be supported. |url: https://localhost/api/auth/login|action: 
2019-01-11 00:27:04.9369||DEBUG|TrelloClone.Program|init main |url: |action: 
2019-01-11 00:27:33.0564|1|ERROR|Microsoft.AspNetCore.Diagnostics.DeveloperExceptionPageMiddleware|An unhandled exception has occurred while executing the request. System.InvalidOperationException: A CORS policy named '' could not be found.
   at Microsoft.AspNetCore.Mvc.Cors.CorsAuthorizationFilter.OnAuthorizationAsync(AuthorizationFilterContext context)
   at Microsoft.AspNetCore.Mvc.Internal.ResourceInvoker.InvokeFilterPipelineAsync()
   at Microsoft.AspNetCore.Mvc.Internal.ResourceInvoker.InvokeAsync()
   at Microsoft.AspNetCore.Routing.EndpointMiddleware.Invoke(HttpContext httpContext)
   at Microsoft.AspNetCore.Routing.EndpointRoutingMiddleware.Invoke(HttpContext httpContext)
   at TrelloClone.Infra.JWTInHeaderMiddleware.Invoke(HttpContext context) in C:\Users\hunt2\Desktop\Trello프로젝트\api-server\TrelloClone\Infra\JWTInHeaderMiddleware.cs:line 32
   at Microsoft.AspNetCore.Cors.Infrastructure.CorsMiddleware.InvokeCore(HttpContext context)
   at Microsoft.AspNetCore.StaticFiles.StaticFileMiddleware.Invoke(HttpContext context)
   at Swashbuckle.AspNetCore.SwaggerUI.SwaggerUIMiddleware.Invoke(HttpContext httpContext)
   at Swashbuckle.AspNetCore.Swagger.SwaggerMiddleware.Invoke(HttpContext httpContext, ISwaggerProvider swaggerProvider)
   at Microsoft.AspNetCore.Diagnostics.DeveloperExceptionPageMiddleware.Invoke(HttpContext context)|url: https://localhost/api/auth/login|action: Login
2019-01-11 00:27:56.9087|1|ERROR|Microsoft.AspNetCore.Diagnostics.DeveloperExceptionPageMiddleware|An unhandled exception has occurred while executing the request. System.InvalidOperationException: A CORS policy named '' could not be found.
   at Microsoft.AspNetCore.Mvc.Cors.CorsAuthorizationFilter.OnAuthorizationAsync(AuthorizationFilterContext context)
   at Microsoft.AspNetCore.Mvc.Internal.ResourceInvoker.InvokeFilterPipelineAsync()
   at Microsoft.AspNetCore.Mvc.Internal.ResourceInvoker.InvokeAsync()
   at Microsoft.AspNetCore.Routing.EndpointMiddleware.Invoke(HttpContext httpContext)
   at Microsoft.AspNetCore.Routing.EndpointRoutingMiddleware.Invoke(HttpContext httpContext)
   at TrelloClone.Infra.JWTInHeaderMiddleware.Invoke(HttpContext context) in C:\Users\hunt2\Desktop\Trello프로젝트\api-server\TrelloClone\Infra\JWTInHeaderMiddleware.cs:line 32
   at Microsoft.AspNetCore.Cors.Infrastructure.CorsMiddleware.InvokeCore(HttpContext context)
   at Microsoft.AspNetCore.StaticFiles.StaticFileMiddleware.Invoke(HttpContext context)
   at Swashbuckle.AspNetCore.SwaggerUI.SwaggerUIMiddleware.Invoke(HttpContext httpContext)
   at Swashbuckle.AspNetCore.Swagger.SwaggerMiddleware.Invoke(HttpContext httpContext, ISwaggerProvider swaggerProvider)
   at Microsoft.AspNetCore.Diagnostics.DeveloperExceptionPageMiddleware.Invoke(HttpContext context)|url: https://localhost/api/auth/login|action: Login
2019-01-11 00:28:14.3329|1|ERROR|Microsoft.AspNetCore.Diagnostics.DeveloperExceptionPageMiddleware|An unhandled exception has occurred while executing the request. System.InvalidOperationException: A CORS policy named '' could not be found.
   at Microsoft.AspNetCore.Mvc.Cors.CorsAuthorizationFilter.OnAuthorizationAsync(AuthorizationFilterContext context)
   at Microsoft.AspNetCore.Mvc.Internal.ResourceInvoker.InvokeFilterPipelineAsync()
   at Microsoft.AspNetCore.Mvc.Internal.ResourceInvoker.InvokeAsync()
   at Microsoft.AspNetCore.Routing.EndpointMiddleware.Invoke(HttpContext httpContext)
   at Microsoft.AspNetCore.Routing.EndpointRoutingMiddleware.Invoke(HttpContext httpContext)
   at TrelloClone.Infra.JWTInHeaderMiddleware.Invoke(HttpContext context) in C:\Users\hunt2\Desktop\Trello프로젝트\api-server\TrelloClone\Infra\JWTInHeaderMiddleware.cs:line 32
   at Microsoft.AspNetCore.Cors.Infrastructure.CorsMiddleware.InvokeCore(HttpContext context)
   at Microsoft.AspNetCore.StaticFiles.StaticFileMiddleware.Invoke(HttpContext context)
   at Swashbuckle.AspNetCore.SwaggerUI.SwaggerUIMiddleware.Invoke(HttpContext httpContext)
   at Swashbuckle.AspNetCore.Swagger.SwaggerMiddleware.Invoke(HttpContext httpContext, ISwaggerProvider swaggerProvider)
   at Microsoft.AspNetCore.Diagnostics.DeveloperExceptionPageMiddleware.Invoke(HttpContext context)|url: https://localhost/api/auth/login|action: Login
2019-01-11 00:28:55.3958||DEBUG|TrelloClone.Program|init main |url: |action: 
2019-01-11 00:29:17.7598|1|ERROR|Microsoft.AspNetCore.Diagnostics.DeveloperExceptionPageMiddleware|An unhandled exception has occurred while executing the request. System.InvalidOperationException: A CORS policy named '' could not be found.
   at Microsoft.AspNetCore.Mvc.Cors.CorsAuthorizationFilter.OnAuthorizationAsync(AuthorizationFilterContext context)
   at Microsoft.AspNetCore.Mvc.Internal.ResourceInvoker.InvokeFilterPipelineAsync()
   at Microsoft.AspNetCore.Mvc.Internal.ResourceInvoker.InvokeAsync()
   at Microsoft.AspNetCore.Routing.EndpointMiddleware.Invoke(HttpContext httpContext)
   at Microsoft.AspNetCore.Routing.EndpointRoutingMiddleware.Invoke(HttpContext httpContext)
   at TrelloClone.Infra.JWTInHeaderMiddleware.Invoke(HttpContext context) in C:\Users\hunt2\Desktop\Trello프로젝트\api-server\TrelloClone\Infra\JWTInHeaderMiddleware.cs:line 32
   at Microsoft.AspNetCore.Cors.Infrastructure.CorsMiddleware.InvokeCore(HttpContext context)
   at Microsoft.AspNetCore.StaticFiles.StaticFileMiddleware.Invoke(HttpContext context)
   at Swashbuckle.AspNetCore.SwaggerUI.SwaggerUIMiddleware.Invoke(HttpContext httpContext)
   at Swashbuckle.AspNetCore.Swagger.SwaggerMiddleware.Invoke(HttpContext httpContext, ISwaggerProvider swaggerProvider)
   at Microsoft.AspNetCore.Diagnostics.DeveloperExceptionPageMiddleware.Invoke(HttpContext context)|url: https://localhost/api/values|action: GetList
2019-01-11 00:29:46.7092|1|ERROR|Microsoft.AspNetCore.Diagnostics.DeveloperExceptionPageMiddleware|An unhandled exception has occurred while executing the request. System.InvalidOperationException: A CORS policy named '' could not be found.
   at Microsoft.AspNetCore.Mvc.Cors.CorsAuthorizationFilter.OnAuthorizationAsync(AuthorizationFilterContext context)
   at Microsoft.AspNetCore.Mvc.Internal.ResourceInvoker.InvokeFilterPipelineAsync()
   at Microsoft.AspNetCore.Mvc.Internal.ResourceInvoker.InvokeAsync()
   at Microsoft.AspNetCore.Routing.EndpointMiddleware.Invoke(HttpContext httpContext)
   at Microsoft.AspNetCore.Routing.EndpointRoutingMiddleware.Invoke(HttpContext httpContext)
   at TrelloClone.Infra.JWTInHeaderMiddleware.Invoke(HttpContext context) in C:\Users\hunt2\Desktop\Trello프로젝트\api-server\TrelloClone\Infra\JWTInHeaderMiddleware.cs:line 32
   at Microsoft.AspNetCore.Cors.Infrastructure.CorsMiddleware.InvokeCore(HttpContext context)
   at Microsoft.AspNetCore.StaticFiles.StaticFileMiddleware.Invoke(HttpContext context)
   at Swashbuckle.AspNetCore.SwaggerUI.SwaggerUIMiddleware.Invoke(HttpContext httpContext)
   at Swashbuckle.AspNetCore.Swagger.SwaggerMiddleware.Invoke(HttpContext httpContext, ISwaggerProvider swaggerProvider)
   at Microsoft.AspNetCore.Diagnostics.DeveloperExceptionPageMiddleware.Invoke(HttpContext context)|url: https://localhost/api/values|action: GetList
2019-01-11 00:29:56.2606|1|ERROR|Microsoft.AspNetCore.Diagnostics.DeveloperExceptionPageMiddleware|An unhandled exception has occurred while executing the request. System.InvalidOperationException: A CORS policy named '' could not be found.
   at Microsoft.AspNetCore.Mvc.Cors.CorsAuthorizationFilter.OnAuthorizationAsync(AuthorizationFilterContext context)
   at Microsoft.AspNetCore.Mvc.Internal.ResourceInvoker.InvokeFilterPipelineAsync()
   at Microsoft.AspNetCore.Mvc.Internal.ResourceInvoker.InvokeAsync()
   at Microsoft.AspNetCore.Routing.EndpointMiddleware.Invoke(HttpContext httpContext)
   at Microsoft.AspNetCore.Routing.EndpointRoutingMiddleware.Invoke(HttpContext httpContext)
   at TrelloClone.Infra.JWTInHeaderMiddleware.Invoke(HttpContext context) in C:\Users\hunt2\Desktop\Trello프로젝트\api-server\TrelloClone\Infra\JWTInHeaderMiddleware.cs:line 32
   at Microsoft.AspNetCore.Cors.Infrastructure.CorsMiddleware.InvokeCore(HttpContext context)
   at Microsoft.AspNetCore.StaticFiles.StaticFileMiddleware.Invoke(HttpContext context)
   at Swashbuckle.AspNetCore.SwaggerUI.SwaggerUIMiddleware.Invoke(HttpContext httpContext)
   at Swashbuckle.AspNetCore.Swagger.SwaggerMiddleware.Invoke(HttpContext httpContext, ISwaggerProvider swaggerProvider)
   at Microsoft.AspNetCore.Diagnostics.DeveloperExceptionPageMiddleware.Invoke(HttpContext context)|url: https://localhost/api/values|action: GetList
2019-01-11 00:30:01.7484|1|ERROR|Microsoft.AspNetCore.Diagnostics.DeveloperExceptionPageMiddleware|An unhandled exception has occurred while executing the request. System.InvalidOperationException: A CORS policy named '' could not be found.
   at Microsoft.AspNetCore.Mvc.Cors.CorsAuthorizationFilter.OnAuthorizationAsync(AuthorizationFilterContext context)
   at Microsoft.AspNetCore.Mvc.Internal.ResourceInvoker.InvokeFilterPipelineAsync()
   at Microsoft.AspNetCore.Mvc.Internal.ResourceInvoker.InvokeAsync()
   at Microsoft.AspNetCore.Routing.EndpointMiddleware.Invoke(HttpContext httpContext)
   at Microsoft.AspNetCore.Routing.EndpointRoutingMiddleware.Invoke(HttpContext httpContext)
   at TrelloClone.Infra.JWTInHeaderMiddleware.Invoke(HttpContext context) in C:\Users\hunt2\Desktop\Trello프로젝트\api-server\TrelloClone\Infra\JWTInHeaderMiddleware.cs:line 32
   at Microsoft.AspNetCore.Cors.Infrastructure.CorsMiddleware.InvokeCore(HttpContext context)
   at Microsoft.AspNetCore.StaticFiles.StaticFileMiddleware.Invoke(HttpContext context)
   at Swashbuckle.AspNetCore.SwaggerUI.SwaggerUIMiddleware.Invoke(HttpContext httpContext)
   at Swashbuckle.AspNetCore.Swagger.SwaggerMiddleware.Invoke(HttpContext httpContext, ISwaggerProvider swaggerProvider)
   at Microsoft.AspNetCore.Diagnostics.DeveloperExceptionPageMiddleware.Invoke(HttpContext context)|url: https://localhost/api/values|action: GetList
2019-01-11 00:31:02.4255|1|ERROR|Microsoft.AspNetCore.Diagnostics.DeveloperExceptionPageMiddleware|An unhandled exception has occurred while executing the request. System.InvalidOperationException: A CORS policy named '' could not be found.
   at Microsoft.AspNetCore.Mvc.Cors.CorsAuthorizationFilter.OnAuthorizationAsync(AuthorizationFilterContext context)
   at Microsoft.AspNetCore.Mvc.Internal.ResourceInvoker.InvokeFilterPipelineAsync()
   at Microsoft.AspNetCore.Mvc.Internal.ResourceInvoker.InvokeAsync()
   at Microsoft.AspNetCore.Routing.EndpointMiddleware.Invoke(HttpContext httpContext)
   at Microsoft.AspNetCore.Routing.EndpointRoutingMiddleware.Invoke(HttpContext httpContext)
   at TrelloClone.Infra.JWTInHeaderMiddleware.Invoke(HttpContext context) in C:\Users\hunt2\Desktop\Trello프로젝트\api-server\TrelloClone\Infra\JWTInHeaderMiddleware.cs:line 32
   at Microsoft.AspNetCore.Cors.Infrastructure.CorsMiddleware.InvokeCore(HttpContext context)
   at Microsoft.AspNetCore.StaticFiles.StaticFileMiddleware.Invoke(HttpContext context)
   at Swashbuckle.AspNetCore.SwaggerUI.SwaggerUIMiddleware.Invoke(HttpContext httpContext)
   at Swashbuckle.AspNetCore.Swagger.SwaggerMiddleware.Invoke(HttpContext httpContext, ISwaggerProvider swaggerProvider)
   at Microsoft.AspNetCore.Diagnostics.DeveloperExceptionPageMiddleware.Invoke(HttpContext context)|url: https://localhost/api/values|action: GetList
2019-01-11 00:31:32.9760||DEBUG|TrelloClone.Program|init main |url: |action: 
2019-01-11 00:31:55.2654|1|ERROR|Microsoft.AspNetCore.Diagnostics.DeveloperExceptionPageMiddleware|An unhandled exception has occurred while executing the request. System.InvalidOperationException: A CORS policy named '' could not be found.
   at Microsoft.AspNetCore.Mvc.Cors.CorsAuthorizationFilter.OnAuthorizationAsync(AuthorizationFilterContext context)
   at Microsoft.AspNetCore.Mvc.Internal.ResourceInvoker.InvokeFilterPipelineAsync()
   at Microsoft.AspNetCore.Mvc.Internal.ResourceInvoker.InvokeAsync()
   at Microsoft.AspNetCore.Routing.EndpointMiddleware.Invoke(HttpContext httpContext)
   at Microsoft.AspNetCore.Routing.EndpointRoutingMiddleware.Invoke(HttpContext httpContext)
   at TrelloClone.Infra.JWTInHeaderMiddleware.Invoke(HttpContext context) in C:\Users\hunt2\Desktop\Trello프로젝트\api-server\TrelloClone\Infra\JWTInHeaderMiddleware.cs:line 32
   at Microsoft.AspNetCore.StaticFiles.StaticFileMiddleware.Invoke(HttpContext context)
   at Swashbuckle.AspNetCore.SwaggerUI.SwaggerUIMiddleware.Invoke(HttpContext httpContext)
   at Swashbuckle.AspNetCore.Swagger.SwaggerMiddleware.Invoke(HttpContext httpContext, ISwaggerProvider swaggerProvider)
   at Microsoft.AspNetCore.Diagnostics.DeveloperExceptionPageMiddleware.Invoke(HttpContext context)|url: https://localhost/api/values|action: GetList
2019-01-11 01:33:58.6141||DEBUG|TrelloClone.Program|init main |url: |action: 
2019-01-11 01:40:09.4423||DEBUG|TrelloClone.Program|init main |url: |action: 
2019-01-11 01:40:47.1251||DEBUG|TrelloClone.Program|init main |url: |action: 
2019-01-11 01:41:09.1255||DEBUG|TrelloClone.Program|init main |url: |action: 
2019-01-11 01:41:39.2240|11|WARN|Microsoft.AspNetCore.Cors.Infrastructure.CorsService|The CORS protocol does not allow specifying a wildcard (any) origin and credentials at the same time. Configure the policy by listing individual origins if credentials needs to be supported. |url: https://localhost/api/auth/login|action: 
2019-01-11 01:46:59.0448||DEBUG|TrelloClone.Program|init main |url: |action: 
2019-01-11 01:47:54.0487|11|WARN|Microsoft.AspNetCore.Cors.Infrastructure.CorsService|The CORS protocol does not allow specifying a wildcard (any) origin and credentials at the same time. Configure the policy by listing individual origins if credentials needs to be supported. |url: https://localhost/api/auth/login|action: 
2019-01-11 01:50:25.4458|11|WARN|Microsoft.AspNetCore.Cors.Infrastructure.CorsService|The CORS protocol does not allow specifying a wildcard (any) origin and credentials at the same time. Configure the policy by listing individual origins if credentials needs to be supported. |url: https://localhost/api/auth/login|action: 
2019-01-11 01:54:12.8910||DEBUG|TrelloClone.Program|init main |url: |action: 
2019-01-11 01:54:32.6614|11|WARN|Microsoft.AspNetCore.Cors.Infrastructure.CorsService|The CORS protocol does not allow specifying a wildcard (any) origin and credentials at the same time. Configure the policy by listing individual origins if credentials needs to be supported. |url: https://localhost/api/auth/login|action: 
2019-01-11 02:04:07.8568||DEBUG|TrelloClone.Program|init main |url: |action: 
2019-01-11 02:17:55.0913||DEBUG|TrelloClone.Program|init main |url: |action: 
2019-01-11 02:21:08.7343||DEBUG|TrelloClone.Program|init main |url: |action: 
2019-01-11 02:30:48.2466||DEBUG|TrelloClone.Program|init main |url: |action: 
2019-01-11 02:31:41.2482|11|WARN|Microsoft.AspNetCore.Cors.Infrastructure.CorsService|The CORS protocol does not allow specifying a wildcard (any) origin and credentials at the same time. Configure the policy by listing individual origins if credentials needs to be supported. |url: https://localhost/api/auth/login|action: 
2019-01-11 02:31:49.9225|11|WARN|Microsoft.AspNetCore.Cors.Infrastructure.CorsService|The CORS protocol does not allow specifying a wildcard (any) origin and credentials at the same time. Configure the policy by listing individual origins if credentials needs to be supported. |url: https://localhost/api/auth/login|action: 
2019-01-11 02:32:11.0547|11|WARN|Microsoft.AspNetCore.Cors.Infrastructure.CorsService|The CORS protocol does not allow specifying a wildcard (any) origin and credentials at the same time. Configure the policy by listing individual origins if credentials needs to be supported. |url: https://localhost/api/auth/login|action: 
2019-01-11 02:32:25.4285|11|WARN|Microsoft.AspNetCore.Cors.Infrastructure.CorsService|The CORS protocol does not allow specifying a wildcard (any) origin and credentials at the same time. Configure the policy by listing individual origins if credentials needs to be supported. |url: https://localhost/api/auth/login|action: 
2019-01-11 02:34:30.7521||DEBUG|TrelloClone.Program|init main |url: |action: 
2019-01-11 02:36:11.4732|11|WARN|Microsoft.AspNetCore.Cors.Infrastructure.CorsService|The CORS protocol does not allow specifying a wildcard (any) origin and credentials at the same time. Configure the policy by listing individual origins if credentials needs to be supported. |url: https://localhost/api/auth/login|action: 
2019-01-11 02:39:32.8999||DEBUG|TrelloClone.Program|init main |url: |action: 
2019-01-11 02:43:38.0798||DEBUG|TrelloClone.Program|init main |url: |action: 
2019-01-11 02:43:56.0991||DEBUG|TrelloClone.Program|init main |url: |action: 
2019-01-11 07:28:50.6239||DEBUG|TrelloClone.Program|init main |url: |action: 
2019-01-11 07:30:29.1633||DEBUG|TrelloClone.Program|init main |url: |action: 
2019-01-11 07:30:47.3795|11|WARN|Microsoft.AspNetCore.Cors.Infrastructure.CorsService|The CORS protocol does not allow specifying a wildcard (any) origin and credentials at the same time. Configure the policy by listing individual origins if credentials needs to be supported. |url: https://localhost/api/auth/login|action: 
2019-01-11 11:44:23.1206||DEBUG|TrelloClone.Program|init main |url: |action: 
2019-01-11 11:45:03.6836||DEBUG|TrelloClone.Program|init main |url: |action: 
2019-01-11 11:46:54.7773||DEBUG|TrelloClone.Program|init main |url: |action: 
2019-01-11 11:47:08.8806||DEBUG|TrelloClone.Program|init main |url: |action: 
2019-01-11 11:47:16.7697|11|WARN|Microsoft.AspNetCore.Cors.Infrastructure.CorsService|The CORS protocol does not allow specifying a wildcard (any) origin and credentials at the same time. Configure the policy by listing individual origins if credentials needs to be supported. |url: https://localhost/api/auth/login|action: 
2019-01-11 11:48:46.8192|11|WARN|Microsoft.AspNetCore.Cors.Infrastructure.CorsService|The CORS protocol does not allow specifying a wildcard (any) origin and credentials at the same time. Configure the policy by listing individual origins if credentials needs to be supported. |url: https://localhost/api/auth/login|action: 
2019-01-11 11:54:06.8107||DEBUG|TrelloClone.Program|init main |url: |action: 
2019-01-11 11:54:21.2091|11|WARN|Microsoft.AspNetCore.Cors.Infrastructure.CorsService|The CORS protocol does not allow specifying a wildcard (any) origin and credentials at the same time. Configure the policy by listing individual origins if credentials needs to be supported. |url: https://localhost/api/auth/login|action: 
2019-01-11 12:28:24.0309||DEBUG|TrelloClone.Program|init main |url: |action: 
2019-01-11 12:28:26.1275|6|FATAL|Microsoft.AspNetCore.Hosting.Internal.WebHost|Application startup exception System.InvalidOperationException: Cannot resolve scoped service 'TrelloClone.Interfaces.IUsersRepository' from root provider.
   at Microsoft.Extensions.DependencyInjection.ServiceLookup.CallSiteValidator.ValidateResolution(Type serviceType, IServiceScope scope, IServiceScope rootScope)
   at Microsoft.Extensions.DependencyInjection.ServiceProvider.Microsoft.Extensions.DependencyInjection.ServiceLookup.IServiceProviderEngineCallback.OnResolve(Type serviceType, IServiceScope scope)
   at Microsoft.Extensions.DependencyInjection.ServiceLookup.ServiceProviderEngine.GetService(Type serviceType, ServiceProviderEngineScope serviceProviderEngineScope)
   at Microsoft.Extensions.DependencyInjection.ServiceLookup.ServiceProviderEngine.GetService(Type serviceType)
   at Microsoft.Extensions.DependencyInjection.ServiceProvider.GetService(Type serviceType)
   at Microsoft.Extensions.Internal.ActivatorUtilities.ConstructorMatcher.CreateInstance(IServiceProvider provider)
   at Microsoft.Extensions.Internal.ActivatorUtilities.CreateInstance(IServiceProvider provider, Type instanceType, Object[] parameters)
   at Microsoft.AspNetCore.Builder.UseMiddlewareExtensions.<>c__DisplayClass4_0.<UseMiddleware>b__0(RequestDelegate next)
   at Microsoft.AspNetCore.Builder.Internal.ApplicationBuilder.Build()
   at Microsoft.AspNetCore.Hosting.Internal.WebHost.BuildApplication()|url: |action: 
2019-01-11 12:40:46.7527||DEBUG|TrelloClone.Program|init main |url: |action: 
2019-01-11 12:42:24.3049|11|WARN|Microsoft.AspNetCore.Cors.Infrastructure.CorsService|The CORS protocol does not allow specifying a wildcard (any) origin and credentials at the same time. Configure the policy by listing individual origins if credentials needs to be supported. |url: https://localhost/api/auth/login|action: 
2019-01-11 12:51:51.5479||DEBUG|TrelloClone.Program|init main |url: |action: 
2019-01-11 12:52:00.4247|11|WARN|Microsoft.AspNetCore.Cors.Infrastructure.CorsService|The CORS protocol does not allow specifying a wildcard (any) origin and credentials at the same time. Configure the policy by listing individual origins if credentials needs to be supported. |url: https://localhost/api/auth/login|action: 
2019-01-11 12:58:02.8841||DEBUG|TrelloClone.Program|init main |url: |action: 
2019-01-11 13:00:13.0830||DEBUG|TrelloClone.Program|init main |url: |action: 
2019-01-11 13:00:27.3213|11|WARN|Microsoft.AspNetCore.Cors.Infrastructure.CorsService|The CORS protocol does not allow specifying a wildcard (any) origin and credentials at the same time. Configure the policy by listing individual origins if credentials needs to be supported. |url: https://localhost/api/auth/login|action: 
2019-01-11 14:45:55.4577||DEBUG|TrelloClone.Program|init main |url: |action: 
2019-01-11 14:47:06.7863|11|WARN|Microsoft.AspNetCore.Cors.Infrastructure.CorsService|The CORS protocol does not allow specifying a wildcard (any) origin and credentials at the same time. Configure the policy by listing individual origins if credentials needs to be supported. |url: https://localhost/api/auth/login|action: 
2019-01-11 14:48:44.1260||DEBUG|TrelloClone.Program|init main |url: |action: 
2019-01-11 14:48:51.6626|11|WARN|Microsoft.AspNetCore.Cors.Infrastructure.CorsService|The CORS protocol does not allow specifying a wildcard (any) origin and credentials at the same time. Configure the policy by listing individual origins if credentials needs to be supported. |url: https://localhost/api/auth/login|action: 
2019-01-11 14:49:48.8156|11|WARN|Microsoft.AspNetCore.Cors.Infrastructure.CorsService|The CORS protocol does not allow specifying a wildcard (any) origin and credentials at the same time. Configure the policy by listing individual origins if credentials needs to be supported. |url: https://localhost/api/auth/login|action: 
2019-01-11 15:07:29.2451||DEBUG|TrelloClone.Program|init main |url: |action: 
2019-01-11 15:07:56.5820|11|WARN|Microsoft.AspNetCore.Cors.Infrastructure.CorsService|The CORS protocol does not allow specifying a wildcard (any) origin and credentials at the same time. Configure the policy by listing individual origins if credentials needs to be supported. |url: https://localhost/api/auth/login|action: 
2019-01-11 15:12:48.1169||DEBUG|TrelloClone.Program|init main |url: |action: 
2019-01-11 15:12:53.0317||DEBUG|TrelloClone.Program|init main |url: |action: 
2019-01-11 15:19:16.4235||DEBUG|TrelloClone.Program|init main |url: |action: 
2019-01-11 15:19:25.0730|11|WARN|Microsoft.AspNetCore.Cors.Infrastructure.CorsService|The CORS protocol does not allow specifying a wildcard (any) origin and credentials at the same time. Configure the policy by listing individual origins if credentials needs to be supported. |url: https://localhost/api/auth/login|action: 
2019-01-11 15:19:37.7863|11|WARN|Microsoft.AspNetCore.Cors.Infrastructure.CorsService|The CORS protocol does not allow specifying a wildcard (any) origin and credentials at the same time. Configure the policy by listing individual origins if credentials needs to be supported. |url: https://localhost/api/auth/login|action: 
2019-01-11 15:19:53.7879|11|WARN|Microsoft.AspNetCore.Cors.Infrastructure.CorsService|The CORS protocol does not allow specifying a wildcard (any) origin and credentials at the same time. Configure the policy by listing individual origins if credentials needs to be supported. |url: https://localhost/api/auth/login|action: 
2019-01-11 15:34:45.5989||DEBUG|TrelloClone.Program|init main |url: |action: 
2019-01-11 15:46:22.1739|11|WARN|Microsoft.AspNetCore.Cors.Infrastructure.CorsService|The CORS protocol does not allow specifying a wildcard (any) origin and credentials at the same time. Configure the policy by listing individual origins if credentials needs to be supported. |url: https://localhost/api/auth/login|action: 
2019-01-11 15:48:39.4619|11|WARN|Microsoft.AspNetCore.Cors.Infrastructure.CorsService|The CORS protocol does not allow specifying a wildcard (any) origin and credentials at the same time. Configure the policy by listing individual origins if credentials needs to be supported. |url: https://localhost/api/auth/login|action: 
2019-01-11 15:50:25.6518|11|WARN|Microsoft.AspNetCore.Cors.Infrastructure.CorsService|The CORS protocol does not allow specifying a wildcard (any) origin and credentials at the same time. Configure the policy by listing individual origins if credentials needs to be supported. |url: https://localhost/api/auth/login|action: 
2019-01-11 15:52:19.3942|11|WARN|Microsoft.AspNetCore.Cors.Infrastructure.CorsService|The CORS protocol does not allow specifying a wildcard (any) origin and credentials at the same time. Configure the policy by listing individual origins if credentials needs to be supported. |url: https://localhost/api/auth/login|action: 
2019-01-11 15:57:33.5496|11|WARN|Microsoft.AspNetCore.Cors.Infrastructure.CorsService|The CORS protocol does not allow specifying a wildcard (any) origin and credentials at the same time. Configure the policy by listing individual origins if credentials needs to be supported. |url: https://localhost/api/auth/login|action: 
2019-01-11 15:58:41.8575|11|WARN|Microsoft.AspNetCore.Cors.Infrastructure.CorsService|The CORS protocol does not allow specifying a wildcard (any) origin and credentials at the same time. Configure the policy by listing individual origins if credentials needs to be supported. |url: https://localhost/api/auth/login|action: 
2019-01-11 15:59:22.7671||DEBUG|TrelloClone.Program|init main |url: |action: 
2019-01-11 15:59:34.2695|11|WARN|Microsoft.AspNetCore.Cors.Infrastructure.CorsService|The CORS protocol does not allow specifying a wildcard (any) origin and credentials at the same time. Configure the policy by listing individual origins if credentials needs to be supported. |url: https://localhost/api/auth/login|action: 
2019-01-11 15:59:45.4490|11|WARN|Microsoft.AspNetCore.Cors.Infrastructure.CorsService|The CORS protocol does not allow specifying a wildcard (any) origin and credentials at the same time. Configure the policy by listing individual origins if credentials needs to be supported. |url: https://localhost/api/auth/login|action: 
2019-01-11 15:59:54.8432|11|WARN|Microsoft.AspNetCore.Cors.Infrastructure.CorsService|The CORS protocol does not allow specifying a wildcard (any) origin and credentials at the same time. Configure the policy by listing individual origins if credentials needs to be supported. |url: https://localhost/api/auth/login|action: 
2019-01-11 15:59:58.3329|11|WARN|Microsoft.AspNetCore.Cors.Infrastructure.CorsService|The CORS protocol does not allow specifying a wildcard (any) origin and credentials at the same time. Configure the policy by listing individual origins if credentials needs to be supported. |url: https://localhost/api/auth/login|action: 
2019-01-11 16:00:02.3245|11|WARN|Microsoft.AspNetCore.Cors.Infrastructure.CorsService|The CORS protocol does not allow specifying a wildcard (any) origin and credentials at the same time. Configure the policy by listing individual origins if credentials needs to be supported. |url: https://localhost/api/auth/login|action: 
2019-01-11 16:00:06.0748|11|WARN|Microsoft.AspNetCore.Cors.Infrastructure.CorsService|The CORS protocol does not allow specifying a wildcard (any) origin and credentials at the same time. Configure the policy by listing individual origins if credentials needs to be supported. |url: https://localhost/api/auth/login|action: 
2019-01-11 16:00:08.8932|11|WARN|Microsoft.AspNetCore.Cors.Infrastructure.CorsService|The CORS protocol does not allow specifying a wildcard (any) origin and credentials at the same time. Configure the policy by listing individual origins if credentials needs to be supported. |url: https://localhost/api/auth/login|action: 
2019-01-11 16:00:12.9446|11|WARN|Microsoft.AspNetCore.Cors.Infrastructure.CorsService|The CORS protocol does not allow specifying a wildcard (any) origin and credentials at the same time. Configure the policy by listing individual origins if credentials needs to be supported. |url: https://localhost/api/auth/login|action: 
2019-01-11 16:00:15.8041|11|WARN|Microsoft.AspNetCore.Cors.Infrastructure.CorsService|The CORS protocol does not allow specifying a wildcard (any) origin and credentials at the same time. Configure the policy by listing individual origins if credentials needs to be supported. |url: https://localhost/api/auth/login|action: 
2019-01-11 16:00:18.3523|11|WARN|Microsoft.AspNetCore.Cors.Infrastructure.CorsService|The CORS protocol does not allow specifying a wildcard (any) origin and credentials at the same time. Configure the policy by listing individual origins if credentials needs to be supported. |url: https://localhost/api/auth/login|action: 
2019-01-11 16:00:24.1051|11|WARN|Microsoft.AspNetCore.Cors.Infrastructure.CorsService|The CORS protocol does not allow specifying a wildcard (any) origin and credentials at the same time. Configure the policy by listing individual origins if credentials needs to be supported. |url: https://localhost/api/auth/login|action: 
2019-01-11 16:01:19.3373|11|WARN|Microsoft.AspNetCore.Cors.Infrastructure.CorsService|The CORS protocol does not allow specifying a wildcard (any) origin and credentials at the same time. Configure the policy by listing individual origins if credentials needs to be supported. |url: https://localhost/api/auth/register|action: 
2019-01-11 16:01:43.8209|11|WARN|Microsoft.AspNetCore.Cors.Infrastructure.CorsService|The CORS protocol does not allow specifying a wildcard (any) origin and credentials at the same time. Configure the policy by listing individual origins if credentials needs to be supported. |url: https://localhost/api/auth/login|action: 
2019-01-11 16:01:52.6935|11|WARN|Microsoft.AspNetCore.Cors.Infrastructure.CorsService|The CORS protocol does not allow specifying a wildcard (any) origin and credentials at the same time. Configure the policy by listing individual origins if credentials needs to be supported. |url: https://localhost/api/auth/register|action: 
2019-01-11 16:01:58.7952|11|WARN|Microsoft.AspNetCore.Cors.Infrastructure.CorsService|The CORS protocol does not allow specifying a wildcard (any) origin and credentials at the same time. Configure the policy by listing individual origins if credentials needs to be supported. |url: https://localhost/api/auth/register|action: 
2019-01-11 16:10:48.4385||DEBUG|TrelloClone.Program|init main |url: |action: 
2019-01-11 16:11:00.2840|11|WARN|Microsoft.AspNetCore.Cors.Infrastructure.CorsService|The CORS protocol does not allow specifying a wildcard (any) origin and credentials at the same time. Configure the policy by listing individual origins if credentials needs to be supported. |url: https://localhost/api/auth/register|action: 
2019-01-11 16:15:41.3774|11|WARN|Microsoft.AspNetCore.Cors.Infrastructure.CorsService|The CORS protocol does not allow specifying a wildcard (any) origin and credentials at the same time. Configure the policy by listing individual origins if credentials needs to be supported. |url: https://localhost/api/auth/register|action: 
2019-01-11 16:16:09.6288||DEBUG|TrelloClone.Program|init main |url: |action: 
2019-01-11 16:16:10.4230|11|WARN|Microsoft.AspNetCore.Cors.Infrastructure.CorsService|The CORS protocol does not allow specifying a wildcard (any) origin and credentials at the same time. Configure the policy by listing individual origins if credentials needs to be supported. |url: https://localhost/api/auth/register|action: 
2019-01-11 16:16:50.8644|11|WARN|Microsoft.AspNetCore.Cors.Infrastructure.CorsService|The CORS protocol does not allow specifying a wildcard (any) origin and credentials at the same time. Configure the policy by listing individual origins if credentials needs to be supported. |url: https://localhost/api/auth/register|action: 
2019-01-11 16:40:03.0037|11|WARN|Microsoft.AspNetCore.Cors.Infrastructure.CorsService|The CORS protocol does not allow specifying a wildcard (any) origin and credentials at the same time. Configure the policy by listing individual origins if credentials needs to be supported. |url: https://localhost/api/auth/login|action: 
2019-01-11 16:46:39.6355||DEBUG|TrelloClone.Program|init main |url: |action: 
2019-01-11 17:09:12.6642|11|WARN|Microsoft.AspNetCore.Cors.Infrastructure.CorsService|The CORS protocol does not allow specifying a wildcard (any) origin and credentials at the same time. Configure the policy by listing individual origins if credentials needs to be supported. |url: https://localhost/api/auth/register|action: 
2019-01-11 17:09:51.9174|11|WARN|Microsoft.AspNetCore.Cors.Infrastructure.CorsService|The CORS protocol does not allow specifying a wildcard (any) origin and credentials at the same time. Configure the policy by listing individual origins if credentials needs to be supported. |url: https://localhost/api/auth/login|action: 
2019-01-11 22:56:26.0867||DEBUG|TrelloClone.Program|init main |url: |action: 
2019-01-11 22:56:52.6476||DEBUG|TrelloClone.Program|init main |url: |action: 
